# JRE version: OpenJDK Runtime Environment (8.0_212-b04) (build 1.8.0_212-release-1586-b04)
# Java VM: OpenJDK 64-Bit Server VM (25.212-b04 mixed mode windows-amd64 compressed oops)
Heap:
 PSYoungGen      total 141312K, used 17565K [0x00000000e0000000, 0x00000000ed480000, 0x0000000100000000)
  eden space 128512K, 3% used [0x00000000e0000000,0x00000000e04af1c8,0x00000000e7d80000)
  from space 12800K, 99% used [0x00000000e7d80000,0x00000000e89f8448,0x00000000e8a00000)
  to   space 14848K, 0% used [0x00000000ec600000,0x00000000ec600000,0x00000000ed480000)
 ParOldGen       total 63488K, used 13099K [0x00000000a0000000, 0x00000000a3e00000, 0x00000000e0000000)
  object space 63488K, 20% used [0x00000000a0000000,0x00000000a0ccacb8,0x00000000a3e00000)
 Metaspace       used 34273K, capacity 35054K, committed 35200K, reserved 1079296K
  class space    used 4723K, capacity 4960K, committed 4992K, reserved 1048576K
GC Heap History (10 events):
Event: 4.770 GC heap before
{Heap before GC invocations=4 (full 0):
 PSYoungGen      total 38400K, used 38384K [0x00000000e0000000, 0x00000000e4b00000, 0x0000000100000000)
  eden space 33280K, 100% used [0x00000000e0000000,0x00000000e2080000,0x00000000e2080000)
  from space 5120K, 99% used [0x00000000e2080000,0x00000000e257c030,0x00000000e2580000)
  to   space 5120K, 0% used [0x00000000e4600000,0x00000000e4600000,0x00000000e4b00000)
 ParOldGen       total 87552K, used 1507K [0x00000000a0000000, 0x00000000a5580000, 0x00000000e0000000)
  object space 87552K, 1% used [0x00000000a0000000,0x00000000a0178d50,0x00000000a5580000)
 Metaspace       used 14654K, capacity 15014K, committed 15360K, reserved 1062912K
  class space    used 2058K, capacity 2193K, committed 2304K, reserved 1048576K
Event: 4.778 GC heap after
Heap after GC invocations=4 (full 0):
 PSYoungGen      total 71680K, used 5104K [0x00000000e0000000, 0x00000000e4b00000, 0x0000000100000000)
  eden space 66560K, 0% used [0x00000000e0000000,0x00000000e0000000,0x00000000e4100000)
  from space 5120K, 99% used [0x00000000e4600000,0x00000000e4afc030,0x00000000e4b00000)
  to   space 5120K, 0% used [0x00000000e4100000,0x00000000e4100000,0x00000000e4600000)
 ParOldGen       total 87552K, used 3916K [0x00000000a0000000, 0x00000000a5580000, 0x00000000e0000000)
  object space 87552K, 4% used [0x00000000a0000000,0x00000000a03d3070,0x00000000a5580000)
 Metaspace       used 14654K, capacity 15014K, committed 15360K, reserved 1062912K
  class space    used 2058K, capacity 2193K, committed 2304K, reserved 1048576K
}
Event: 6.364 GC heap before
{Heap before GC invocations=5 (full 0):
 PSYoungGen      total 71680K, used 67795K [0x00000000e0000000, 0x00000000e4b00000, 0x0000000100000000)
  eden space 66560K, 94% used [0x00000000e0000000,0x00000000e3d38fa8,0x00000000e4100000)
  from space 5120K, 99% used [0x00000000e4600000,0x00000000e4afc030,0x00000000e4b00000)
  to   space 5120K, 0% used [0x00000000e4100000,0x00000000e4100000,0x00000000e4600000)
 ParOldGen       total 87552K, used 3916K [0x00000000a0000000, 0x00000000a5580000, 0x00000000e0000000)
  object space 87552K, 4% used [0x00000000a0000000,0x00000000a03d3070,0x00000000a5580000)
 Metaspace       used 20705K, capacity 21212K, committed 21296K, reserved 1067008K
  class space    used 2993K, capacity 3137K, committed 3200K, reserved 1048576K
Event: 6.380 GC heap after
Heap after GC invocations=5 (full 0):
 PSYoungGen      total 71680K, used 5088K [0x00000000e0000000, 0x00000000e9c00000, 0x0000000100000000)
  eden space 66560K, 0% used [0x00000000e0000000,0x00000000e0000000,0x00000000e4100000)
  from space 5120K, 99% used [0x00000000e4100000,0x00000000e45f8020,0x00000000e4600000)
  to   space 13312K, 0% used [0x00000000e8f00000,0x00000000e8f00000,0x00000000e9c00000)
 ParOldGen       total 87552K, used 11744K [0x00000000a0000000, 0x00000000a5580000, 0x00000000e0000000)
  object space 87552K, 13% used [0x00000000a0000000,0x00000000a0b781b0,0x00000000a5580000)
 Metaspace       used 20705K, capacity 21212K, committed 21296K, reserved 1067008K
  class space    used 2993K, capacity 3137K, committed 3200K, reserved 1048576K
}
Event: 6.380 GC heap before
{Heap before GC invocations=6 (full 1):
 PSYoungGen      total 71680K, used 5088K [0x00000000e0000000, 0x00000000e9c00000, 0x0000000100000000)
  eden space 66560K, 0% used [0x00000000e0000000,0x00000000e0000000,0x00000000e4100000)
  from space 5120K, 99% used [0x00000000e4100000,0x00000000e45f8020,0x00000000e4600000)
  to   space 13312K, 0% used [0x00000000e8f00000,0x00000000e8f00000,0x00000000e9c00000)
 ParOldGen       total 87552K, used 11744K [0x00000000a0000000, 0x00000000a5580000, 0x00000000e0000000)
  object space 87552K, 13% used [0x00000000a0000000,0x00000000a0b781b0,0x00000000a5580000)
 Metaspace       used 20705K, capacity 21212K, committed 21296K, reserved 1067008K
  class space    used 2993K, capacity 3137K, committed 3200K, reserved 1048576K
Event: 6.416 GC heap after
Heap after GC invocations=6 (full 1):
 PSYoungGen      total 71680K, used 0K [0x00000000e0000000, 0x00000000e9c00000, 0x0000000100000000)
  eden space 66560K, 0% used [0x00000000e0000000,0x00000000e0000000,0x00000000e4100000)
  from space 5120K, 0% used [0x00000000e4100000,0x00000000e4100000,0x00000000e4600000)
  to   space 13312K, 0% used [0x00000000e8f00000,0x00000000e8f00000,0x00000000e9c00000)
 ParOldGen       total 63488K, used 12581K [0x00000000a0000000, 0x00000000a3e00000, 0x00000000e0000000)
  object space 63488K, 19% used [0x00000000a0000000,0x00000000a0c49658,0x00000000a3e00000)
 Metaspace       used 20705K, capacity 21212K, committed 21296K, reserved 1067008K
  class space    used 2993K, capacity 3137K, committed 3200K, reserved 1048576K
}
Event: 7.310 GC heap before
{Heap before GC invocations=7 (full 1):
 PSYoungGen      total 71680K, used 66560K [0x00000000e0000000, 0x00000000e9c00000, 0x0000000100000000)
  eden space 66560K, 100% used [0x00000000e0000000,0x00000000e4100000,0x00000000e4100000)
  from space 5120K, 0% used [0x00000000e4100000,0x00000000e4100000,0x00000000e4600000)
  to   space 13312K, 0% used [0x00000000e8f00000,0x00000000e8f00000,0x00000000e9c00000)
 ParOldGen       total 63488K, used 12581K [0x00000000a0000000, 0x00000000a3e00000, 0x00000000e0000000)
  object space 63488K, 19% used [0x00000000a0000000,0x00000000a0c49658,0x00000000a3e00000)
 Metaspace       used 28270K, capacity 28900K, committed 29184K, reserved 1075200K
  class space    used 3873K, capacity 4075K, committed 4096K, reserved 1048576K
Event: 7.318 GC heap after
Heap after GC invocations=7 (full 1):
 PSYoungGen      total 119808K, used 7501K [0x00000000e0000000, 0x00000000e9680000, 0x0000000100000000)
  eden space 112128K, 0% used [0x00000000e0000000,0x00000000e0000000,0x00000000e6d80000)
  from space 7680K, 97% used [0x00000000e8f00000,0x00000000e9653530,0x00000000e9680000)
  to   space 12800K, 0% used [0x00000000e7d80000,0x00000000e7d80000,0x00000000e8a00000)
 ParOldGen       total 63488K, used 12589K [0x00000000a0000000, 0x00000000a3e00000, 0x00000000e0000000)
  object space 63488K, 19% used [0x00000000a0000000,0x00000000a0c4b658,0x00000000a3e00000)
 Metaspace       used 28270K, capacity 28900K, committed 29184K, reserved 1075200K
  class space    used 3873K, capacity 4075K, committed 4096K, reserved 1048576K
}
Event: 8.774 GC heap before
{Heap before GC invocations=8 (full 1):
 PSYoungGen      total 119808K, used 119629K [0x00000000e0000000, 0x00000000e9680000, 0x0000000100000000)
  eden space 112128K, 100% used [0x00000000e0000000,0x00000000e6d80000,0x00000000e6d80000)
  from space 7680K, 97% used [0x00000000e8f00000,0x00000000e9653530,0x00000000e9680000)
  to   space 12800K, 0% used [0x00000000e7d80000,0x00000000e7d80000,0x00000000e8a00000)
 ParOldGen       total 63488K, used 12589K [0x00000000a0000000, 0x00000000a3e00000, 0x00000000e0000000)
  object space 63488K, 19% used [0x00000000a0000000,0x00000000a0c4b658,0x00000000a3e00000)
 Metaspace       used 34119K, capacity 34892K, committed 35200K, reserved 1079296K
  class space    used 4695K, capacity 4926K, committed 4992K, reserved 1048576K
Event: 8.790 GC heap after
Heap after GC invocations=8 (full 1):
 PSYoungGen      total 141312K, used 12769K [0x00000000e0000000, 0x00000000ed480000, 0x0000000100000000)
  eden space 128512K, 0% used [0x00000000e0000000,0x00000000e0000000,0x00000000e7d80000)
  from space 12800K, 99% used [0x00000000e7d80000,0x00000000e89f8448,0x00000000e8a00000)
  to   space 14848K, 0% used [0x00000000ec600000,0x00000000ec600000,0x00000000ed480000)
 ParOldGen       total 63488K, used 13099K [0x00000000a0000000, 0x00000000a3e00000, 0x00000000e0000000)
  object space 63488K, 20% used [0x00000000a0000000,0x00000000a0ccacb8,0x00000000a3e00000)
 Metaspace       used 34119K, capacity 34892K, committed 35200K, reserved 1079296K
  class space    used 4695K, capacity 4926K, committed 4992K, reserved 1048576K
}

